2020-12-16 01:16:03,878 - log_utils.py[line:15] - INFO: 浏览器最大化
2020-12-16 01:16:03,880 - log_utils.py[line:15] - INFO: 添加隐式等待
2020-12-16 01:16:04,819 - log_utils.py[line:15] - INFO: 所有用例执行完毕
2020-12-16 09:48:38,272 - log_utils.py[line:15] - INFO: 浏览器最大化
2020-12-16 09:48:38,274 - log_utils.py[line:15] - INFO: 添加隐式等待
2020-12-16 09:48:38,868 - log_utils.py[line:15] - INFO: 所有用例执行完毕
2020-12-16 09:55:28,472 - log_utils.py[line:15] - INFO: 浏览器最大化
2020-12-16 09:55:28,474 - log_utils.py[line:15] - INFO: 添加隐式等待
2020-12-16 09:55:28,982 - log_utils.py[line:15] - INFO: 打开浏览器地址：https://petest.gds-services.com/portal/#/portal/r_todo
2020-12-16 09:55:29,231 - log_utils.py[line:15] - INFO: 用户名输入框输入：chaiguangfei
2020-12-16 09:55:29,356 - log_utils.py[line:15] - INFO: 密码输入框输入：Gds1234567890
2020-12-16 09:55:29,418 - log_utils.py[line:15] - INFO: 点击登录按钮
2020-12-16 09:55:39,066 - log_utils.py[line:15] - INFO: 用户登录校验成功
2020-12-16 09:55:39,716 - log_utils.py[line:15] - INFO: 点击进入系统入口
2020-12-16 09:55:44,716 - log_utils.py[line:15] - INFO: 等待5秒
2020-12-16 09:55:44,880 - log_utils.py[line:15] - INFO: 点击变更管理
2020-12-16 09:55:46,881 - log_utils.py[line:15] - INFO: 等待2秒
2020-12-16 09:55:57,073 - log_utils.py[line:15] - INFO: 等待10秒
2020-12-16 09:55:59,265 - log_utils.py[line:15] - INFO: 关闭浏览器
2020-12-16 09:55:59,266 - log_utils.py[line:15] - INFO: 所有用例执行完毕
2020-12-16 11:16:00,659 - log_utils.py[line:15] - INFO: 浏览器最大化
2020-12-16 11:16:00,662 - log_utils.py[line:15] - INFO: 添加隐式等待
2020-12-16 11:16:01,218 - log_utils.py[line:15] - INFO: 打开浏览器地址：https://petest.gds-services.com/portal/#/portal/r_todo
2020-12-16 11:16:03,374 - log_utils.py[line:15] - INFO: 关闭浏览器
2020-12-16 11:16:03,381 - log_utils.py[line:15] - INFO: 所有用例执行完毕
2020-12-16 11:22:47,077 - log_utils.py[line:15] - INFO: 浏览器最大化
2020-12-16 11:22:47,079 - log_utils.py[line:15] - INFO: 添加隐式等待
2020-12-16 11:22:47,502 - log_utils.py[line:15] - INFO: 打开浏览器地址：https://petest.gds-services.com/portal/#/portal/r_todo
2020-12-16 11:22:49,643 - log_utils.py[line:15] - INFO: 关闭浏览器
2020-12-16 11:22:49,657 - log_utils.py[line:15] - INFO: 所有用例执行完毕
2020-12-16 11:45:07,249 - log_utils.py[line:15] - INFO: 浏览器最大化
2020-12-16 11:45:07,251 - log_utils.py[line:15] - INFO: 添加隐式等待
2020-12-16 11:45:07,651 - log_utils.py[line:15] - INFO: 打开浏览器地址：https://petest.gds-services.com/portal/#/portal/r_todo
2020-12-16 11:45:08,129 - log_utils.py[line:15] - INFO: 用户名输入框输入：chaiguangfei
2020-12-16 11:45:08,322 - log_utils.py[line:15] - INFO: 密码输入框输入：Gds1234567890
2020-12-16 11:45:08,425 - log_utils.py[line:15] - INFO: 点击登录按钮
2020-12-16 11:45:16,917 - log_utils.py[line:15] - INFO: 用户登录校验成功
2020-12-16 11:45:31,596 - log_utils.py[line:15] - INFO: 关闭浏览器
2020-12-16 11:45:31,601 - log_utils.py[line:15] - INFO: 所有用例执行完毕
2020-12-16 11:48:28,788 - log_utils.py[line:15] - INFO: 浏览器最大化
2020-12-16 11:48:28,791 - log_utils.py[line:15] - INFO: 添加隐式等待
2020-12-16 11:48:29,196 - log_utils.py[line:15] - INFO: 打开浏览器地址：https://petest.gds-services.com/portal/#/portal/r_todo
2020-12-16 11:48:29,642 - log_utils.py[line:15] - INFO: 用户名输入框输入：chaiguangfei
2020-12-16 11:48:29,840 - log_utils.py[line:15] - INFO: 密码输入框输入：Gds1234567890
2020-12-16 11:48:29,946 - log_utils.py[line:15] - INFO: 点击登录按钮
2020-12-16 11:48:37,983 - log_utils.py[line:15] - INFO: 用户登录校验成功
2020-12-16 11:48:43,392 - log_utils.py[line:15] - INFO: 点击进入系统入口
2020-12-16 11:48:48,392 - log_utils.py[line:15] - INFO: 等待5秒
2020-12-16 11:48:48,497 - log_utils.py[line:15] - INFO: 点击变更管理
2020-12-16 11:48:50,498 - log_utils.py[line:15] - INFO: 等待2秒
2020-12-16 11:49:00,599 - log_utils.py[line:15] - INFO: 等待10秒
2020-12-16 11:49:02,779 - log_utils.py[line:15] - INFO: 关闭浏览器
2020-12-16 11:49:02,779 - log_utils.py[line:15] - INFO: 所有用例执行完毕
2020-12-16 11:49:30,763 - log_utils.py[line:15] - INFO: 浏览器最大化
2020-12-16 11:49:30,765 - log_utils.py[line:15] - INFO: 添加隐式等待
2020-12-16 11:49:31,200 - log_utils.py[line:15] - INFO: 打开浏览器地址：https://petest.gds-services.com/portal/#/portal/r_todo
2020-12-16 11:49:31,646 - log_utils.py[line:15] - INFO: 用户名输入框输入：chaiguangfei
2020-12-16 11:49:31,842 - log_utils.py[line:15] - INFO: 密码输入框输入：Gds1234567890
2020-12-16 11:49:31,948 - log_utils.py[line:15] - INFO: 点击登录按钮
2020-12-16 11:49:41,727 - log_utils.py[line:15] - INFO: 用户登录校验成功
2020-12-16 11:50:00,930 - log_utils.py[line:15] - INFO: 点击进入系统入口
2020-12-16 11:50:05,930 - log_utils.py[line:15] - INFO: 等待5秒
2020-12-16 11:50:06,081 - log_utils.py[line:15] - INFO: 点击变更管理
2020-12-16 11:50:08,082 - log_utils.py[line:15] - INFO: 等待2秒
2020-12-16 11:50:18,194 - log_utils.py[line:15] - INFO: 等待10秒
2020-12-16 11:50:20,369 - log_utils.py[line:15] - INFO: 关闭浏览器
2020-12-16 11:50:20,370 - log_utils.py[line:15] - INFO: 所有用例执行完毕
2020-12-16 11:51:19,379 - log_utils.py[line:15] - INFO: 浏览器最大化
2020-12-16 11:51:19,383 - log_utils.py[line:15] - INFO: 添加隐式等待
2020-12-16 11:51:19,862 - log_utils.py[line:15] - INFO: 打开浏览器地址：https://petest.gds-services.com/portal/#/portal/r_todo
2020-12-16 11:51:20,305 - log_utils.py[line:15] - INFO: 用户名输入框输入：chaiguangfei
2020-12-16 11:51:20,490 - log_utils.py[line:15] - INFO: 密码输入框输入：Gds1234567890
2020-12-16 11:51:20,592 - log_utils.py[line:15] - INFO: 点击登录按钮
2020-12-16 11:51:28,529 - log_utils.py[line:15] - INFO: 用户登录校验成功
2020-12-16 11:51:38,661 - log_utils.py[line:15] - INFO: 点击进入系统入口
2020-12-16 11:51:40,661 - log_utils.py[line:15] - INFO: 等待2秒
2020-12-16 11:51:40,803 - log_utils.py[line:15] - INFO: 点击变更管理
2020-12-16 11:51:42,804 - log_utils.py[line:15] - INFO: 等待2秒
2020-12-16 11:51:45,908 - log_utils.py[line:15] - INFO: 等待3秒
2020-12-16 11:51:48,076 - log_utils.py[line:15] - INFO: 关闭浏览器
2020-12-16 11:51:48,078 - log_utils.py[line:15] - INFO: 所有用例执行完毕
2020-12-16 11:52:07,335 - log_utils.py[line:15] - INFO: 浏览器最大化
2020-12-16 11:52:07,339 - log_utils.py[line:15] - INFO: 添加隐式等待
2020-12-16 11:52:07,693 - log_utils.py[line:15] - INFO: 打开浏览器地址：https://petest.gds-services.com/portal/#/portal/r_todo
2020-12-16 11:52:08,125 - log_utils.py[line:15] - INFO: 用户名输入框输入：chaiguangfei
2020-12-16 11:52:08,303 - log_utils.py[line:15] - INFO: 密码输入框输入：Gds1234567890
2020-12-16 11:52:08,405 - log_utils.py[line:15] - INFO: 点击登录按钮
2020-12-16 11:52:18,144 - log_utils.py[line:15] - INFO: 用户登录校验成功
2020-12-16 11:52:40,422 - log_utils.py[line:15] - INFO: 关闭浏览器
2020-12-16 11:52:40,430 - log_utils.py[line:15] - INFO: 所有用例执行完毕
2020-12-16 11:58:56,684 - log_utils.py[line:15] - INFO: 所有用例执行完毕
2020-12-16 12:00:23,168 - log_utils.py[line:15] - INFO: 所有用例执行完毕
2020-12-16 12:00:39,490 - log_utils.py[line:15] - INFO: 所有用例执行完毕
2020-12-16 12:01:08,001 - log_utils.py[line:15] - INFO: 所有用例执行完毕
2020-12-16 12:58:12,799 - log_utils.py[line:15] - INFO: 所有用例执行完毕
2020-12-16 13:03:37,892 - log_utils.py[line:15] - INFO: 浏览器最大化
2020-12-16 13:03:37,894 - log_utils.py[line:15] - INFO: 添加隐式等待
2020-12-16 13:03:38,121 - log_utils.py[line:15] - INFO: 打开浏览器地址：https://petest.gds-services.com/portal/#/portal/r_todo
2020-12-16 13:03:38,326 - log_utils.py[line:15] - INFO: 用户名输入框输入：chaiguangfei
2020-12-16 13:03:38,402 - log_utils.py[line:15] - INFO: 密码输入框输入：Gds1234567890
2020-12-16 13:03:38,439 - log_utils.py[line:15] - INFO: 点击登录按钮
2020-12-16 13:03:39,842 - log_utils.py[line:15] - INFO: 用户登录校验成功
2020-12-16 13:03:49,748 - log_utils.py[line:15] - INFO: 点击进入系统入口
2020-12-16 13:03:51,749 - log_utils.py[line:15] - INFO: 等待2秒
2020-12-16 13:03:51,795 - log_utils.py[line:15] - INFO: 点击变更管理
2020-12-16 13:03:53,795 - log_utils.py[line:15] - INFO: 等待2秒
2020-12-16 13:03:56,847 - log_utils.py[line:15] - INFO: 等待3秒
2020-12-16 13:03:59,028 - log_utils.py[line:15] - INFO: 关闭浏览器
2020-12-16 13:03:59,029 - log_utils.py[line:15] - INFO: 所有用例执行完毕
2020-12-16 14:29:30,852 - log_utils.py[line:15] - INFO: 浏览器最大化
2020-12-16 14:29:30,854 - log_utils.py[line:15] - INFO: 添加隐式等待
2020-12-16 14:29:31,235 - log_utils.py[line:15] - INFO: 所有用例执行完毕
2020-12-16 14:29:43,043 - log_utils.py[line:15] - INFO: 浏览器最大化
2020-12-16 14:29:43,045 - log_utils.py[line:15] - INFO: 添加隐式等待
2020-12-16 14:29:43,450 - log_utils.py[line:15] - INFO: 所有用例执行完毕
2020-12-16 14:29:57,112 - log_utils.py[line:15] - INFO: 浏览器最大化
2020-12-16 14:29:57,112 - log_utils.py[line:15] - INFO: 添加隐式等待
2020-12-16 14:29:57,558 - log_utils.py[line:15] - INFO: 所有用例执行完毕
2020-12-16 14:34:32,286 - log_utils.py[line:15] - INFO: 浏览器最大化
2020-12-16 14:34:32,287 - log_utils.py[line:15] - INFO: 添加隐式等待
2020-12-16 14:34:32,592 - log_utils.py[line:15] - INFO: 打开浏览器地址：https://petest.gds-services.com/portal/#/portal/r_todo
2020-12-16 14:34:32,774 - log_utils.py[line:15] - INFO: 用户名输入框输入：chaiguangfei
2020-12-16 14:34:32,868 - log_utils.py[line:15] - INFO: 密码输入框输入：Gds1234567890
2020-12-16 14:34:32,908 - log_utils.py[line:15] - INFO: 点击登录按钮
2020-12-16 14:34:34,404 - log_utils.py[line:15] - INFO: 用户登录校验成功
2020-12-16 14:34:45,145 - log_utils.py[line:15] - INFO: 点击进入系统入口
2020-12-16 14:34:47,146 - log_utils.py[line:15] - INFO: 等待2秒
2020-12-16 14:34:47,200 - log_utils.py[line:15] - INFO: 点击变更管理
2020-12-16 14:34:49,201 - log_utils.py[line:15] - INFO: 等待2秒
2020-12-16 14:34:52,285 - log_utils.py[line:15] - INFO: 等待3秒
2020-12-16 14:34:54,470 - log_utils.py[line:15] - INFO: 关闭浏览器
2020-12-16 14:34:54,471 - log_utils.py[line:15] - INFO: 所有用例执行完毕
2020-12-16 14:35:02,492 - log_utils.py[line:15] - INFO: 浏览器最大化
2020-12-16 14:35:02,499 - log_utils.py[line:15] - INFO: 添加隐式等待
2020-12-16 14:35:02,739 - log_utils.py[line:15] - INFO: 打开浏览器地址：https://petest.gds-services.com/portal/#/portal/r_todo
2020-12-16 14:35:02,897 - log_utils.py[line:15] - INFO: 用户名输入框输入：chaiguangfei
2020-12-16 14:35:02,994 - log_utils.py[line:15] - INFO: 密码输入框输入：Gds1234567890
2020-12-16 14:35:03,029 - log_utils.py[line:15] - INFO: 点击登录按钮
2020-12-16 14:35:04,574 - log_utils.py[line:15] - INFO: 用户登录校验成功
2020-12-16 14:35:04,657 - log_utils.py[line:15] - INFO: 点击进入系统入口
2020-12-16 14:35:06,658 - log_utils.py[line:15] - INFO: 等待2秒
2020-12-16 14:35:06,736 - log_utils.py[line:15] - INFO: 点击变更管理
2020-12-16 14:35:08,737 - log_utils.py[line:15] - INFO: 等待2秒
2020-12-16 14:35:11,777 - log_utils.py[line:15] - INFO: 等待3秒
2020-12-16 14:35:13,954 - log_utils.py[line:15] - INFO: 关闭浏览器
2020-12-16 14:35:13,954 - log_utils.py[line:15] - INFO: 所有用例执行完毕
2020-12-16 14:37:29,624 - log_utils.py[line:15] - INFO: 浏览器最大化
2020-12-16 14:37:29,627 - log_utils.py[line:15] - INFO: 添加隐式等待
2020-12-16 14:37:29,842 - log_utils.py[line:15] - INFO: 打开浏览器地址：https://petest.gds-services.com/portal/#/portal/r_todo
2020-12-16 14:37:30,026 - log_utils.py[line:15] - INFO: 用户名输入框输入：chaiguangfei
2020-12-16 14:37:30,155 - log_utils.py[line:15] - INFO: 密码输入框输入：Gds1234567890
2020-12-16 14:37:30,213 - log_utils.py[line:15] - INFO: 点击登录按钮
2020-12-16 14:37:31,934 - log_utils.py[line:15] - INFO: 用户登录校验成功
2020-12-16 14:37:43,190 - log_utils.py[line:15] - INFO: 点击进入系统入口
2020-12-16 14:37:45,191 - log_utils.py[line:15] - INFO: 等待2秒
2020-12-16 14:37:45,234 - log_utils.py[line:15] - INFO: 点击变更管理
2020-12-16 14:37:47,234 - log_utils.py[line:15] - INFO: 等待2秒
2020-12-16 14:37:50,277 - log_utils.py[line:15] - INFO: 等待3秒
2020-12-16 14:37:52,432 - log_utils.py[line:15] - INFO: 关闭浏览器
2020-12-16 14:37:52,433 - log_utils.py[line:15] - INFO: 所有用例执行完毕
2020-12-16 14:38:47,885 - log_utils.py[line:15] - INFO: 浏览器最大化
2020-12-16 14:38:47,889 - log_utils.py[line:15] - INFO: 添加隐式等待
2020-12-16 14:38:48,137 - log_utils.py[line:15] - INFO: 打开浏览器地址：https://petest.gds-services.com/portal/#/portal/r_todo
2020-12-16 14:38:48,307 - log_utils.py[line:15] - INFO: 用户名输入框输入：chaiguangfei
2020-12-16 14:38:48,412 - log_utils.py[line:15] - INFO: 密码输入框输入：Gds1234567890
2020-12-16 14:38:48,454 - log_utils.py[line:15] - INFO: 点击登录按钮
2020-12-16 14:38:49,641 - log_utils.py[line:15] - INFO: 用户登录校验成功
2020-12-16 14:38:49,724 - log_utils.py[line:15] - INFO: 点击进入系统入口
2020-12-16 14:38:51,724 - log_utils.py[line:15] - INFO: 等待2秒
2020-12-16 14:38:51,778 - log_utils.py[line:15] - INFO: 点击变更管理
2020-12-16 14:38:53,778 - log_utils.py[line:15] - INFO: 等待2秒
2020-12-16 14:38:56,819 - log_utils.py[line:15] - INFO: 等待3秒
2020-12-16 14:38:58,999 - log_utils.py[line:15] - INFO: 关闭浏览器
2020-12-16 14:38:58,999 - log_utils.py[line:15] - INFO: 所有用例执行完毕
